<?xml version="1.0" encoding="UTF-8"?>
<!-- Generated by org.testng.reporters.JUnitReportReporter -->
<testsuite hostname="f3976eed4792" failures="0" tests="4" name="com.searchmodule.tests.SearchTest" time="17.388" errors="0" timestamp="21 Mar 2022 08:35:36 GMT" skipped="0">
  <testcase classname="com.searchmodule.tests.SearchTest" name="search" time="3.937"/>
  <testcase classname="com.searchmodule.tests.SearchTest" name="search" time="4.384"/>
  <testcase classname="com.searchmodule.tests.SearchTest" name="search" time="4.365"/>
  <testcase classname="com.searchmodule.tests.SearchTest" name="search" time="4.702"/>
</testsuite> <!-- com.searchmodule.tests.SearchTest -->
